2025-09-30T00:01:02.409+05:30  INFO 16548 --- [employee-management] [http-nio-8181-exec-7] c.e.controller.EmployeeController        : Successfully fetched 8 employees.
2025-09-30T00:01:02.842+05:30  INFO 16548 --- [employee-management] [http-nio-8181-exec-8] c.e.controller.EmployeeController        : Successfully fetched 8 employees.
2025-09-30T00:05:14.061+05:30  INFO 16548 --- [employee-management] [http-nio-8181-exec-2] c.e.controller.EmployeeController        : Successfully fetched 8 employees.
2025-09-30T00:05:14.982+05:30  INFO 16548 --- [employee-management] [http-nio-8181-exec-4] c.e.controller.EmployeeController        : Successfully fetched 8 employees.
2025-09-30T00:35:03.322+05:30  WARN 16548 --- [employee-management] [http-nio-8181-exec-8] .w.s.m.s.DefaultHandlerExceptionResolver : Resolved [org.springframework.http.converter.HttpMessageNotReadableException: JSON parse error: Cannot deserialize value of type `com.employee.dto.EmployeeDto` from Array value (token `JsonToken.START_ARRAY`)]
2025-09-30T00:35:33.795+05:30  INFO 16548 --- [employee-management] [http-nio-8181-exec-9] c.e.controller.EmployeeController        : Successfully fetched 8 employees.
2025-09-30T00:36:17.363+05:30  WARN 16548 --- [employee-management] [http-nio-8181-exec-2] .w.s.m.s.DefaultHandlerExceptionResolver : Resolved [org.springframework.http.converter.HttpMessageNotReadableException: JSON parse error: Cannot deserialize value of type `com.employee.dto.EmployeeDto` from Array value (token `JsonToken.START_ARRAY`)]
2025-09-30T00:37:32.794+05:30  INFO 16548 --- [employee-management] [http-nio-8181-exec-6] c.e.controller.EmployeeController        : Employee added successfully: John Doe
2025-09-30T00:37:38.928+05:30  INFO 16548 --- [employee-management] [http-nio-8181-exec-4] c.e.controller.EmployeeController        : Successfully fetched 9 employees.
2025-09-30T00:38:09.335+05:30  INFO 16548 --- [employee-management] [http-nio-8181-exec-5] c.e.controller.EmployeeController        : Successfully fetched 9 employees.
2025-09-30T00:40:56.238+05:30  INFO 16548 --- [employee-management] [SpringApplicationShutdownHook] o.s.b.w.e.tomcat.GracefulShutdown        : Commencing graceful shutdown. Waiting for active requests to complete
2025-09-30T00:40:56.256+05:30  INFO 16548 --- [employee-management] [tomcat-shutdown] o.s.b.w.e.tomcat.GracefulShutdown        : Graceful shutdown complete
2025-09-30T00:40:56.270+05:30  INFO 16548 --- [employee-management] [SpringApplicationShutdownHook] j.LocalContainerEntityManagerFactoryBean : Closing JPA EntityManagerFactory for persistence unit 'default'
2025-09-30T00:40:56.270+05:30  INFO 16548 --- [employee-management] [SpringApplicationShutdownHook] com.zaxxer.hikari.HikariDataSource       : HikariPool-14 - Shutdown initiated...
2025-09-30T00:40:56.270+05:30  INFO 16548 --- [employee-management] [SpringApplicationShutdownHook] com.zaxxer.hikari.HikariDataSource       : HikariPool-14 - Shutdown completed.
2025-09-30T08:58:30.899+05:30  INFO 7160 --- [employee-management] [restartedMain] c.e.EmployeeManagementApplication        : Starting EmployeeManagementApplication using Java 23.0.1 with PID 7160 (C:\Users\prasa\Desktop\wt-training\employee-management\target\classes started by prasa in C:\Users\prasa\Desktop\wt-training\employee-management)
2025-09-30T08:58:30.904+05:30  INFO 7160 --- [employee-management] [restartedMain] c.e.EmployeeManagementApplication        : No active profile set, falling back to 1 default profile: "default"
2025-09-30T08:58:31.146+05:30  INFO 7160 --- [employee-management] [restartedMain] .e.DevToolsPropertyDefaultsPostProcessor : Devtools property defaults active! Set 'spring.devtools.add-properties' to 'false' to disable
2025-09-30T08:58:31.146+05:30  INFO 7160 --- [employee-management] [restartedMain] .e.DevToolsPropertyDefaultsPostProcessor : For additional web related logging consider setting the 'logging.level.web' property to 'DEBUG'
2025-09-30T08:58:32.748+05:30  INFO 7160 --- [employee-management] [restartedMain] .s.d.r.c.RepositoryConfigurationDelegate : Bootstrapping Spring Data JPA repositories in DEFAULT mode.
2025-09-30T08:58:32.871+05:30  INFO 7160 --- [employee-management] [restartedMain] .s.d.r.c.RepositoryConfigurationDelegate : Finished Spring Data repository scanning in 104 ms. Found 2 JPA repository interfaces.
2025-09-30T08:58:34.397+05:30  INFO 7160 --- [employee-management] [restartedMain] o.s.b.w.embedded.tomcat.TomcatWebServer  : Tomcat initialized with port 8181 (http)
2025-09-30T08:58:34.427+05:30  INFO 7160 --- [employee-management] [restartedMain] o.apache.catalina.core.StandardService   : Starting service [Tomcat]
2025-09-30T08:58:34.427+05:30  INFO 7160 --- [employee-management] [restartedMain] o.apache.catalina.core.StandardEngine    : Starting Servlet engine: [Apache Tomcat/10.1.44]
2025-09-30T08:58:34.503+05:30  INFO 7160 --- [employee-management] [restartedMain] o.a.c.c.C.[Tomcat].[localhost].[/]       : Initializing Spring embedded WebApplicationContext
2025-09-30T08:58:34.503+05:30  INFO 7160 --- [employee-management] [restartedMain] w.s.c.ServletWebServerApplicationContext : Root WebApplicationContext: initialization completed in 3357 ms
2025-09-30T08:58:34.949+05:30  INFO 7160 --- [employee-management] [restartedMain] o.hibernate.jpa.internal.util.LogHelper  : HHH000204: Processing PersistenceUnitInfo [name: default]
2025-09-30T08:58:35.171+05:30  INFO 7160 --- [employee-management] [restartedMain] org.hibernate.Version                    : HHH000412: Hibernate ORM core version 6.6.26.Final
2025-09-30T08:58:35.322+05:30  INFO 7160 --- [employee-management] [restartedMain] o.h.c.internal.RegionFactoryInitiator    : HHH000026: Second-level cache disabled
2025-09-30T08:58:36.522+05:30  INFO 7160 --- [employee-management] [restartedMain] o.s.o.j.p.SpringPersistenceUnitInfo      : No LoadTimeWeaver setup: ignoring JPA class transformer
2025-09-30T08:58:36.596+05:30  INFO 7160 --- [employee-management] [restartedMain] com.zaxxer.hikari.HikariDataSource       : HikariPool-1 - Starting...
2025-09-30T08:58:37.877+05:30  INFO 7160 --- [employee-management] [restartedMain] com.zaxxer.hikari.pool.HikariPool        : HikariPool-1 - Added connection com.mysql.cj.jdbc.ConnectionImpl@3b7164
2025-09-30T08:58:37.879+05:30  INFO 7160 --- [employee-management] [restartedMain] com.zaxxer.hikari.HikariDataSource       : HikariPool-1 - Start completed.
2025-09-30T08:58:37.994+05:30  WARN 7160 --- [employee-management] [restartedMain] org.hibernate.orm.deprecation            : HHH90000025: MySQL8Dialect does not need to be specified explicitly using 'hibernate.dialect' (remove the property setting and it will be selected by default)
2025-09-30T08:58:38.008+05:30  WARN 7160 --- [employee-management] [restartedMain] org.hibernate.orm.deprecation            : HHH90000026: MySQL8Dialect has been deprecated; use org.hibernate.dialect.MySQLDialect instead
2025-09-30T08:58:38.171+05:30  INFO 7160 --- [employee-management] [restartedMain] org.hibernate.orm.connections.pooling    : HHH10001005: Database info:
	Database JDBC URL [Connecting through datasource 'HikariDataSource (HikariPool-1)']
	Database driver: undefined/unknown
	Database version: 8.0
	Autocommit mode: undefined/unknown
	Isolation level: undefined/unknown
	Minimum pool size: undefined/unknown
	Maximum pool size: undefined/unknown
2025-09-30T08:58:39.872+05:30  INFO 7160 --- [employee-management] [restartedMain] o.h.e.t.j.p.i.JtaPlatformInitiator       : HHH000489: No JTA platform available (set 'hibernate.transaction.jta.platform' to enable JTA platform integration)
2025-09-30T08:58:39.982+05:30  INFO 7160 --- [employee-management] [restartedMain] j.LocalContainerEntityManagerFactoryBean : Initialized JPA EntityManagerFactory for persistence unit 'default'
2025-09-30T08:58:40.738+05:30  WARN 7160 --- [employee-management] [restartedMain] JpaBaseConfiguration$JpaWebConfiguration : spring.jpa.open-in-view is enabled by default. Therefore, database queries may be performed during view rendering. Explicitly configure spring.jpa.open-in-view to disable this warning
2025-09-30T08:58:41.407+05:30  INFO 7160 --- [employee-management] [restartedMain] o.s.b.d.a.OptionalLiveReloadServer       : LiveReload server is running on port 35729
2025-09-30T08:58:41.457+05:30  INFO 7160 --- [employee-management] [restartedMain] o.s.b.w.embedded.tomcat.TomcatWebServer  : Tomcat started on port 8181 (http) with context path '/'
2025-09-30T08:58:41.471+05:30  INFO 7160 --- [employee-management] [restartedMain] c.e.EmployeeManagementApplication        : Started EmployeeManagementApplication in 11.49 seconds (process running for 12.659)
2025-09-30T14:23:46.957+05:30  INFO 7160 --- [employee-management] [SpringApplicationShutdownHook] o.s.b.w.e.tomcat.GracefulShutdown        : Commencing graceful shutdown. Waiting for active requests to complete
2025-09-30T14:23:46.984+05:30  INFO 7160 --- [employee-management] [tomcat-shutdown] o.s.b.w.e.tomcat.GracefulShutdown        : Graceful shutdown complete
2025-09-30T14:23:47.007+05:30  INFO 7160 --- [employee-management] [SpringApplicationShutdownHook] j.LocalContainerEntityManagerFactoryBean : Closing JPA EntityManagerFactory for persistence unit 'default'
2025-09-30T14:23:47.031+05:30  INFO 7160 --- [employee-management] [SpringApplicationShutdownHook] com.zaxxer.hikari.HikariDataSource       : HikariPool-1 - Shutdown initiated...
2025-09-30T14:23:47.067+05:30  INFO 7160 --- [employee-management] [SpringApplicationShutdownHook] com.zaxxer.hikari.HikariDataSource       : HikariPool-1 - Shutdown completed.
